<?xml version="1.0" encoding="utf-8" standalone="no"?>
<!--This file represents the results of running a test suite-->
<test-results name="D:\TRESH\SEL\Rocks\Rocks\bin\Debug\Rocks.dll" total="3" errors="1" failures="0" not-run="0" inconclusive="0" ignored="0" skipped="0" invalid="0" date="2016-04-08" time="18:54:20">
  <environment nunit-version="2.6.2.12296" clr-version="2.0.50727.8009" os-version="Microsoft Windows NT 6.2.9200.0" platform="Win32NT" cwd="d:\ELAT_DEV\SVN_AUTO\tools\NUnit" machine-name="EPBYBREW0020" user="Mikhail_Amurov" user-domain="MINSK" />
  <culture-info current-culture="en-US" current-uiculture="en-US" />
  <test-suite type="Assembly" name="D:\TRESH\SEL\Rocks\Rocks\bin\Debug\Rocks.dll" executed="True" result="Failure" success="False" time="31.624" asserts="0">
    <results>
      <test-suite type="Namespace" name="Rocks" executed="True" result="Failure" success="False" time="31.614" asserts="0">
        <results>
          <test-suite type="TestFixture" name="NUnitTest" executed="True" result="Failure" success="False" time="31.613" asserts="0">
            <results>
              <test-case name="Rocks.NUnitTest.GetNames" executed="True" result="Error" success="False" time="10.327" asserts="0">
                <failure>
                  <message><![CDATA[OpenQA.Selenium.NoSuchElementException : Unable to locate element: {"method":"xpath","selector":"//a[@title='Prev' ]"}]]></message>
                  <stack-trace><![CDATA[at OpenQA.Selenium.Remote.RemoteWebDriver.UnpackAndThrowOnError(Response errorResponse)
at OpenQA.Selenium.Remote.RemoteWebDriver.Execute(String driverCommandToExecute, Dictionary`2 parameters)
at OpenQA.Selenium.Remote.RemoteWebDriver.FindElement(String mechanism, String value)
at Rocks.NUnitTest.GetNames() in d:\TRESH\SEL\Rocks\Rocks\UnitTest1.cs:line 64
]]></stack-trace>
                </failure>
              </test-case>
              <test-case name="Rocks.NUnitTest.KamtugesaExist" executed="True" result="Success" success="True" time="12.513" asserts="0" />
              <test-case name="Rocks.NUnitTest.OpenAppTest" executed="True" result="Success" success="True" time="8.742" asserts="0" />
            </results>
          </test-suite>
        </results>
      </test-suite>
    </results>
  </test-suite>
</test-results>